nvcc: NVIDIA (R) Cuda compiler driver
Copyright (c) 2005-2023 NVIDIA Corporation
Built on Tue_Feb__7_19:32:13_PST_2023
Cuda compilation tools, release 12.1, V12.1.66
Build cuda_12.1.r12.1/compiler.32415258_0
Creating conda environment 'segment3d'..........................
Collecting package metadata (current_repodata.json): ...working... done
Solving environment: ...working... failed with repodata from current_repodata.json, will retry with next repodata source.
Collecting package metadata (repodata.json): ...working... done
Solving environment: ...working... done

## Package Plan ##

  environment location: /home/ytanriverdi/.conda/envs/segment3d

  added / updated specs:
    - python=3.10.13


The following NEW packages will be INSTALLED:

  _libgcc_mutex      pkgs/main/linux-64::_libgcc_mutex-0.1-main
  _openmp_mutex      pkgs/main/linux-64::_openmp_mutex-5.1-1_gnu
  bzip2              pkgs/main/linux-64::bzip2-1.0.8-h5eee18b_6
  ca-certificates    pkgs/main/linux-64::ca-certificates-2024.9.24-h06a4308_0
  ld_impl_linux-64   pkgs/main/linux-64::ld_impl_linux-64-2.40-h12ee557_0
  libffi             pkgs/main/linux-64::libffi-3.4.4-h6a678d5_1
  libgcc-ng          pkgs/main/linux-64::libgcc-ng-11.2.0-h1234567_1
  libgomp            pkgs/main/linux-64::libgomp-11.2.0-h1234567_1
  libstdcxx-ng       pkgs/main/linux-64::libstdcxx-ng-11.2.0-h1234567_1
  libuuid            pkgs/main/linux-64::libuuid-1.41.5-h5eee18b_0
  ncurses            pkgs/main/linux-64::ncurses-6.4-h6a678d5_0
  openssl            pkgs/main/linux-64::openssl-3.0.15-h5eee18b_0
  pip                pkgs/main/linux-64::pip-24.2-py310h06a4308_0
  python             pkgs/main/linux-64::python-3.10.13-h955ad1f_0
  readline           pkgs/main/linux-64::readline-8.2-h5eee18b_0
  setuptools         pkgs/main/linux-64::setuptools-75.1.0-py310h06a4308_0
  sqlite             pkgs/main/linux-64::sqlite-3.45.3-h5eee18b_0
  tk                 pkgs/main/linux-64::tk-8.6.14-h39e8969_0
  tzdata             pkgs/main/noarch::tzdata-2024b-h04d1e81_0
  wheel              pkgs/main/linux-64::wheel-0.44.0-py310h06a4308_0
  xz                 pkgs/main/linux-64::xz-5.4.6-h5eee18b_1
  zlib               pkgs/main/linux-64::zlib-1.2.13-h5eee18b_1


Preparing transaction: ...working... done
Verifying transaction: ...working... done
Executing transaction: ...working... done
#
# To activate this environment, use
#
#     $ conda activate segment3d
#
# To deactivate an active environment, use
#
#     $ conda deactivate

Looking in indexes: https://download.pytorch.org/whl/cu121
Collecting torch
  Using cached https://download.pytorch.org/whl/cu121/torch-2.5.0%2Bcu121-cp310-cp310-linux_x86_64.whl (780.4 MB)
Collecting torchvision
  Using cached https://download.pytorch.org/whl/cu121/torchvision-0.20.0%2Bcu121-cp310-cp310-linux_x86_64.whl (7.3 MB)
Collecting filelock (from torch)
  Using cached https://download.pytorch.org/whl/filelock-3.13.1-py3-none-any.whl (11 kB)
Collecting typing-extensions>=4.8.0 (from torch)
  Using cached https://download.pytorch.org/whl/typing_extensions-4.9.0-py3-none-any.whl (32 kB)
Collecting networkx (from torch)
  Using cached https://download.pytorch.org/whl/networkx-3.2.1-py3-none-any.whl (1.6 MB)
Collecting jinja2 (from torch)
  Using cached https://download.pytorch.org/whl/Jinja2-3.1.3-py3-none-any.whl (133 kB)
Collecting fsspec (from torch)
  Using cached https://download.pytorch.org/whl/fsspec-2024.2.0-py3-none-any.whl (170 kB)
Collecting nvidia-cuda-nvrtc-cu12==12.1.105 (from torch)
  Using cached https://download.pytorch.org/whl/cu121/nvidia_cuda_nvrtc_cu12-12.1.105-py3-none-manylinux1_x86_64.whl (23.7 MB)
Collecting nvidia-cuda-runtime-cu12==12.1.105 (from torch)
  Using cached https://download.pytorch.org/whl/cu121/nvidia_cuda_runtime_cu12-12.1.105-py3-none-manylinux1_x86_64.whl (823 kB)
Collecting nvidia-cuda-cupti-cu12==12.1.105 (from torch)
  Using cached https://download.pytorch.org/whl/cu121/nvidia_cuda_cupti_cu12-12.1.105-py3-none-manylinux1_x86_64.whl (14.1 MB)
Collecting nvidia-cudnn-cu12==9.1.0.70 (from torch)
  Using cached https://download.pytorch.org/whl/cu121/nvidia_cudnn_cu12-9.1.0.70-py3-none-manylinux2014_x86_64.whl (664.8 MB)
Collecting nvidia-cublas-cu12==12.1.3.1 (from torch)
  Using cached https://download.pytorch.org/whl/cu121/nvidia_cublas_cu12-12.1.3.1-py3-none-manylinux1_x86_64.whl (410.6 MB)
Collecting nvidia-cufft-cu12==11.0.2.54 (from torch)
  Using cached https://download.pytorch.org/whl/cu121/nvidia_cufft_cu12-11.0.2.54-py3-none-manylinux1_x86_64.whl (121.6 MB)
Collecting nvidia-curand-cu12==10.3.2.106 (from torch)
  Using cached https://download.pytorch.org/whl/cu121/nvidia_curand_cu12-10.3.2.106-py3-none-manylinux1_x86_64.whl (56.5 MB)
Collecting nvidia-cusolver-cu12==11.4.5.107 (from torch)
  Using cached https://download.pytorch.org/whl/cu121/nvidia_cusolver_cu12-11.4.5.107-py3-none-manylinux1_x86_64.whl (124.2 MB)
Collecting nvidia-cusparse-cu12==12.1.0.106 (from torch)
  Using cached https://download.pytorch.org/whl/cu121/nvidia_cusparse_cu12-12.1.0.106-py3-none-manylinux1_x86_64.whl (196.0 MB)
Collecting nvidia-nccl-cu12==2.21.5 (from torch)
  Using cached https://download.pytorch.org/whl/nvidia_nccl_cu12-2.21.5-py3-none-manylinux2014_x86_64.whl (188.7 MB)
Collecting nvidia-nvtx-cu12==12.1.105 (from torch)
  Using cached https://download.pytorch.org/whl/cu121/nvidia_nvtx_cu12-12.1.105-py3-none-manylinux1_x86_64.whl (99 kB)
Collecting triton==3.1.0 (from torch)
  Using cached https://download.pytorch.org/whl/triton-3.1.0-cp310-cp310-manylinux_2_17_x86_64.manylinux2014_x86_64.whl (209.5 MB)
Collecting sympy==1.13.1 (from torch)
  Using cached https://download.pytorch.org/whl/sympy-1.13.1-py3-none-any.whl (6.2 MB)
Collecting nvidia-nvjitlink-cu12 (from nvidia-cusolver-cu12==11.4.5.107->torch)
  Using cached https://download.pytorch.org/whl/cu121/nvidia_nvjitlink_cu12-12.1.105-py3-none-manylinux1_x86_64.whl (19.8 MB)
Collecting mpmath<1.4,>=1.1.0 (from sympy==1.13.1->torch)
  Using cached https://download.pytorch.org/whl/mpmath-1.3.0-py3-none-any.whl (536 kB)
Collecting numpy (from torchvision)
  Using cached https://download.pytorch.org/whl/numpy-1.26.3-cp310-cp310-manylinux_2_17_x86_64.manylinux2014_x86_64.whl (18.2 MB)
Collecting pillow!=8.3.*,>=5.3.0 (from torchvision)
  Using cached https://download.pytorch.org/whl/pillow-10.2.0-cp310-cp310-manylinux_2_28_x86_64.whl (4.5 MB)
Collecting MarkupSafe>=2.0 (from jinja2->torch)
  Using cached https://download.pytorch.org/whl/MarkupSafe-2.1.5-cp310-cp310-manylinux_2_17_x86_64.manylinux2014_x86_64.whl (25 kB)
Installing collected packages: mpmath, typing-extensions, sympy, pillow, nvidia-nvtx-cu12, nvidia-nvjitlink-cu12, nvidia-nccl-cu12, nvidia-curand-cu12, nvidia-cufft-cu12, nvidia-cuda-runtime-cu12, nvidia-cuda-nvrtc-cu12, nvidia-cuda-cupti-cu12, nvidia-cublas-cu12, numpy, networkx, MarkupSafe, fsspec, filelock, triton, nvidia-cusparse-cu12, nvidia-cudnn-cu12, jinja2, nvidia-cusolver-cu12, torch, torchvision
Successfully installed MarkupSafe-2.1.5 filelock-3.13.1 fsspec-2024.2.0 jinja2-3.1.3 mpmath-1.3.0 networkx-3.2.1 numpy-1.26.3 nvidia-cublas-cu12-12.1.3.1 nvidia-cuda-cupti-cu12-12.1.105 nvidia-cuda-nvrtc-cu12-12.1.105 nvidia-cuda-runtime-cu12-12.1.105 nvidia-cudnn-cu12-9.1.0.70 nvidia-cufft-cu12-11.0.2.54 nvidia-curand-cu12-10.3.2.106 nvidia-cusolver-cu12-11.4.5.107 nvidia-cusparse-cu12-12.1.0.106 nvidia-nccl-cu12-2.21.5 nvidia-nvjitlink-cu12-12.1.105 nvidia-nvtx-cu12-12.1.105 pillow-10.2.0 sympy-1.13.1 torch-2.5.0+cu121 torchvision-0.20.0+cu121 triton-3.1.0 typing-extensions-4.9.0
Collecting matplotlib (from -r requirements.txt (line 1))
  Using cached matplotlib-3.9.2-cp310-cp310-manylinux_2_17_x86_64.manylinux2014_x86_64.whl.metadata (11 kB)
Requirement already satisfied: numpy in /gpfs/home/ytanriverdi/.conda/envs/segment3d/lib/python3.10/site-packages (from -r requirements.txt (line 2)) (1.26.3)
Collecting pandas (from -r requirements.txt (line 3))
  Using cached pandas-2.2.3-cp310-cp310-manylinux_2_17_x86_64.manylinux2014_x86_64.whl.metadata (89 kB)
Collecting seaborn (from -r requirements.txt (line 4))
  Using cached seaborn-0.13.2-py3-none-any.whl.metadata (5.4 kB)
Collecting tqdm (from -r requirements.txt (line 5))
  Using cached tqdm-4.66.5-py3-none-any.whl.metadata (57 kB)
Requirement already satisfied: Pillow in /gpfs/home/ytanriverdi/.conda/envs/segment3d/lib/python3.10/site-packages (from -r requirements.txt (line 6)) (10.2.0)
Collecting opencv-python (from -r requirements.txt (line 7))
  Using cached opencv_python-4.10.0.84-cp37-abi3-manylinux_2_17_x86_64.manylinux2014_x86_64.whl.metadata (20 kB)
Collecting nibabel (from -r requirements.txt (line 8))
  Using cached nibabel-5.3.1-py3-none-any.whl.metadata (9.1 kB)
Collecting torchio (from -r requirements.txt (line 9))
  Using cached torchio-0.20.1-py3-none-any.whl.metadata (50 kB)
Collecting contourpy>=1.0.1 (from matplotlib->-r requirements.txt (line 1))
  Using cached contourpy-1.3.0-cp310-cp310-manylinux_2_17_x86_64.manylinux2014_x86_64.whl.metadata (5.4 kB)
Collecting cycler>=0.10 (from matplotlib->-r requirements.txt (line 1))
  Using cached cycler-0.12.1-py3-none-any.whl.metadata (3.8 kB)
Collecting fonttools>=4.22.0 (from matplotlib->-r requirements.txt (line 1))
  Using cached fonttools-4.54.1-cp310-cp310-manylinux_2_17_x86_64.manylinux2014_x86_64.whl.metadata (163 kB)
Collecting kiwisolver>=1.3.1 (from matplotlib->-r requirements.txt (line 1))
  Using cached kiwisolver-1.4.7-cp310-cp310-manylinux_2_12_x86_64.manylinux2010_x86_64.whl.metadata (6.3 kB)
Collecting packaging>=20.0 (from matplotlib->-r requirements.txt (line 1))
  Using cached packaging-24.1-py3-none-any.whl.metadata (3.2 kB)
Collecting pyparsing>=2.3.1 (from matplotlib->-r requirements.txt (line 1))
  Using cached pyparsing-3.2.0-py3-none-any.whl.metadata (5.0 kB)
Collecting python-dateutil>=2.7 (from matplotlib->-r requirements.txt (line 1))
  Using cached python_dateutil-2.9.0.post0-py2.py3-none-any.whl.metadata (8.4 kB)
Collecting pytz>=2020.1 (from pandas->-r requirements.txt (line 3))
  Using cached pytz-2024.2-py2.py3-none-any.whl.metadata (22 kB)
Collecting tzdata>=2022.7 (from pandas->-r requirements.txt (line 3))
  Using cached tzdata-2024.2-py2.py3-none-any.whl.metadata (1.4 kB)
Collecting importlib-resources>=5.12 (from nibabel->-r requirements.txt (line 8))
  Using cached importlib_resources-6.4.5-py3-none-any.whl.metadata (4.0 kB)
Requirement already satisfied: typing-extensions>=4.6 in /gpfs/home/ytanriverdi/.conda/envs/segment3d/lib/python3.10/site-packages (from nibabel->-r requirements.txt (line 8)) (4.9.0)
Collecting deprecated (from torchio->-r requirements.txt (line 9))
  Using cached Deprecated-1.2.14-py2.py3-none-any.whl.metadata (5.4 kB)
Collecting humanize (from torchio->-r requirements.txt (line 9))
  Using cached humanize-4.11.0-py3-none-any.whl.metadata (7.8 kB)
Collecting scipy (from torchio->-r requirements.txt (line 9))
  Using cached scipy-1.14.1-cp310-cp310-manylinux_2_17_x86_64.manylinux2014_x86_64.whl.metadata (60 kB)
Collecting simpleitk!=2.0.*,!=2.1.1.1 (from torchio->-r requirements.txt (line 9))
  Using cached SimpleITK-2.4.0-cp310-cp310-manylinux_2_17_x86_64.manylinux2014_x86_64.whl.metadata (7.9 kB)
Requirement already satisfied: torch>=1.1 in /gpfs/home/ytanriverdi/.conda/envs/segment3d/lib/python3.10/site-packages (from torchio->-r requirements.txt (line 9)) (2.5.0+cu121)
Collecting typer (from torchio->-r requirements.txt (line 9))
  Using cached typer-0.12.5-py3-none-any.whl.metadata (15 kB)
Collecting six>=1.5 (from python-dateutil>=2.7->matplotlib->-r requirements.txt (line 1))
  Using cached six-1.16.0-py2.py3-none-any.whl.metadata (1.8 kB)
Requirement already satisfied: filelock in /gpfs/home/ytanriverdi/.conda/envs/segment3d/lib/python3.10/site-packages (from torch>=1.1->torchio->-r requirements.txt (line 9)) (3.13.1)
Requirement already satisfied: networkx in /gpfs/home/ytanriverdi/.conda/envs/segment3d/lib/python3.10/site-packages (from torch>=1.1->torchio->-r requirements.txt (line 9)) (3.2.1)
Requirement already satisfied: jinja2 in /gpfs/home/ytanriverdi/.conda/envs/segment3d/lib/python3.10/site-packages (from torch>=1.1->torchio->-r requirements.txt (line 9)) (3.1.3)
Requirement already satisfied: fsspec in /gpfs/home/ytanriverdi/.conda/envs/segment3d/lib/python3.10/site-packages (from torch>=1.1->torchio->-r requirements.txt (line 9)) (2024.2.0)
Requirement already satisfied: nvidia-cuda-nvrtc-cu12==12.1.105 in /gpfs/home/ytanriverdi/.conda/envs/segment3d/lib/python3.10/site-packages (from torch>=1.1->torchio->-r requirements.txt (line 9)) (12.1.105)
Requirement already satisfied: nvidia-cuda-runtime-cu12==12.1.105 in /gpfs/home/ytanriverdi/.conda/envs/segment3d/lib/python3.10/site-packages (from torch>=1.1->torchio->-r requirements.txt (line 9)) (12.1.105)
Requirement already satisfied: nvidia-cuda-cupti-cu12==12.1.105 in /gpfs/home/ytanriverdi/.conda/envs/segment3d/lib/python3.10/site-packages (from torch>=1.1->torchio->-r requirements.txt (line 9)) (12.1.105)
Requirement already satisfied: nvidia-cudnn-cu12==9.1.0.70 in /gpfs/home/ytanriverdi/.conda/envs/segment3d/lib/python3.10/site-packages (from torch>=1.1->torchio->-r requirements.txt (line 9)) (9.1.0.70)
Requirement already satisfied: nvidia-cublas-cu12==12.1.3.1 in /gpfs/home/ytanriverdi/.conda/envs/segment3d/lib/python3.10/site-packages (from torch>=1.1->torchio->-r requirements.txt (line 9)) (12.1.3.1)
Requirement already satisfied: nvidia-cufft-cu12==11.0.2.54 in /gpfs/home/ytanriverdi/.conda/envs/segment3d/lib/python3.10/site-packages (from torch>=1.1->torchio->-r requirements.txt (line 9)) (11.0.2.54)
Requirement already satisfied: nvidia-curand-cu12==10.3.2.106 in /gpfs/home/ytanriverdi/.conda/envs/segment3d/lib/python3.10/site-packages (from torch>=1.1->torchio->-r requirements.txt (line 9)) (10.3.2.106)
Requirement already satisfied: nvidia-cusolver-cu12==11.4.5.107 in /gpfs/home/ytanriverdi/.conda/envs/segment3d/lib/python3.10/site-packages (from torch>=1.1->torchio->-r requirements.txt (line 9)) (11.4.5.107)
Requirement already satisfied: nvidia-cusparse-cu12==12.1.0.106 in /gpfs/home/ytanriverdi/.conda/envs/segment3d/lib/python3.10/site-packages (from torch>=1.1->torchio->-r requirements.txt (line 9)) (12.1.0.106)
Requirement already satisfied: nvidia-nccl-cu12==2.21.5 in /gpfs/home/ytanriverdi/.conda/envs/segment3d/lib/python3.10/site-packages (from torch>=1.1->torchio->-r requirements.txt (line 9)) (2.21.5)
Requirement already satisfied: nvidia-nvtx-cu12==12.1.105 in /gpfs/home/ytanriverdi/.conda/envs/segment3d/lib/python3.10/site-packages (from torch>=1.1->torchio->-r requirements.txt (line 9)) (12.1.105)
Requirement already satisfied: triton==3.1.0 in /gpfs/home/ytanriverdi/.conda/envs/segment3d/lib/python3.10/site-packages (from torch>=1.1->torchio->-r requirements.txt (line 9)) (3.1.0)
Requirement already satisfied: sympy==1.13.1 in /gpfs/home/ytanriverdi/.conda/envs/segment3d/lib/python3.10/site-packages (from torch>=1.1->torchio->-r requirements.txt (line 9)) (1.13.1)
Requirement already satisfied: nvidia-nvjitlink-cu12 in /gpfs/home/ytanriverdi/.conda/envs/segment3d/lib/python3.10/site-packages (from nvidia-cusolver-cu12==11.4.5.107->torch>=1.1->torchio->-r requirements.txt (line 9)) (12.1.105)
Requirement already satisfied: mpmath<1.4,>=1.1.0 in /gpfs/home/ytanriverdi/.conda/envs/segment3d/lib/python3.10/site-packages (from sympy==1.13.1->torch>=1.1->torchio->-r requirements.txt (line 9)) (1.3.0)
Collecting wrapt<2,>=1.10 (from deprecated->torchio->-r requirements.txt (line 9))
  Using cached wrapt-1.16.0-cp310-cp310-manylinux_2_5_x86_64.manylinux1_x86_64.manylinux_2_17_x86_64.manylinux2014_x86_64.whl.metadata (6.6 kB)
Collecting click>=8.0.0 (from typer->torchio->-r requirements.txt (line 9))
  Using cached click-8.1.7-py3-none-any.whl.metadata (3.0 kB)
Collecting shellingham>=1.3.0 (from typer->torchio->-r requirements.txt (line 9))
  Using cached shellingham-1.5.4-py2.py3-none-any.whl.metadata (3.5 kB)
Collecting rich>=10.11.0 (from typer->torchio->-r requirements.txt (line 9))
  Using cached rich-13.9.2-py3-none-any.whl.metadata (18 kB)
Collecting markdown-it-py>=2.2.0 (from rich>=10.11.0->typer->torchio->-r requirements.txt (line 9))
  Using cached markdown_it_py-3.0.0-py3-none-any.whl.metadata (6.9 kB)
Collecting pygments<3.0.0,>=2.13.0 (from rich>=10.11.0->typer->torchio->-r requirements.txt (line 9))
  Using cached pygments-2.18.0-py3-none-any.whl.metadata (2.5 kB)
Requirement already satisfied: MarkupSafe>=2.0 in /gpfs/home/ytanriverdi/.conda/envs/segment3d/lib/python3.10/site-packages (from jinja2->torch>=1.1->torchio->-r requirements.txt (line 9)) (2.1.5)
Collecting mdurl~=0.1 (from markdown-it-py>=2.2.0->rich>=10.11.0->typer->torchio->-r requirements.txt (line 9))
  Using cached mdurl-0.1.2-py3-none-any.whl.metadata (1.6 kB)
Using cached matplotlib-3.9.2-cp310-cp310-manylinux_2_17_x86_64.manylinux2014_x86_64.whl (8.3 MB)
Using cached pandas-2.2.3-cp310-cp310-manylinux_2_17_x86_64.manylinux2014_x86_64.whl (13.1 MB)
Using cached seaborn-0.13.2-py3-none-any.whl (294 kB)
Using cached tqdm-4.66.5-py3-none-any.whl (78 kB)
Using cached opencv_python-4.10.0.84-cp37-abi3-manylinux_2_17_x86_64.manylinux2014_x86_64.whl (62.5 MB)
Using cached nibabel-5.3.1-py3-none-any.whl (3.3 MB)
Using cached torchio-0.20.1-py3-none-any.whl (175 kB)
Using cached contourpy-1.3.0-cp310-cp310-manylinux_2_17_x86_64.manylinux2014_x86_64.whl (322 kB)
Using cached cycler-0.12.1-py3-none-any.whl (8.3 kB)
Using cached fonttools-4.54.1-cp310-cp310-manylinux_2_17_x86_64.manylinux2014_x86_64.whl (4.6 MB)
Using cached importlib_resources-6.4.5-py3-none-any.whl (36 kB)
Using cached kiwisolver-1.4.7-cp310-cp310-manylinux_2_12_x86_64.manylinux2010_x86_64.whl (1.6 MB)
Using cached packaging-24.1-py3-none-any.whl (53 kB)
Using cached pyparsing-3.2.0-py3-none-any.whl (106 kB)
Using cached python_dateutil-2.9.0.post0-py2.py3-none-any.whl (229 kB)
Using cached pytz-2024.2-py2.py3-none-any.whl (508 kB)
Using cached SimpleITK-2.4.0-cp310-cp310-manylinux_2_17_x86_64.manylinux2014_x86_64.whl (52.4 MB)
Using cached tzdata-2024.2-py2.py3-none-any.whl (346 kB)
Using cached Deprecated-1.2.14-py2.py3-none-any.whl (9.6 kB)
Using cached humanize-4.11.0-py3-none-any.whl (128 kB)
Using cached scipy-1.14.1-cp310-cp310-manylinux_2_17_x86_64.manylinux2014_x86_64.whl (41.2 MB)
Using cached typer-0.12.5-py3-none-any.whl (47 kB)
Using cached click-8.1.7-py3-none-any.whl (97 kB)
Using cached rich-13.9.2-py3-none-any.whl (242 kB)
Using cached shellingham-1.5.4-py2.py3-none-any.whl (9.8 kB)
Using cached six-1.16.0-py2.py3-none-any.whl (11 kB)
Using cached wrapt-1.16.0-cp310-cp310-manylinux_2_5_x86_64.manylinux1_x86_64.manylinux_2_17_x86_64.manylinux2014_x86_64.whl (80 kB)
Using cached markdown_it_py-3.0.0-py3-none-any.whl (87 kB)
Using cached pygments-2.18.0-py3-none-any.whl (1.2 MB)
Using cached mdurl-0.1.2-py3-none-any.whl (10.0 kB)
Installing collected packages: simpleitk, pytz, wrapt, tzdata, tqdm, six, shellingham, scipy, pyparsing, pygments, packaging, opencv-python, mdurl, kiwisolver, importlib-resources, humanize, fonttools, cycler, contourpy, click, python-dateutil, nibabel, markdown-it-py, deprecated, rich, pandas, matplotlib, typer, seaborn, torchio
Successfully installed click-8.1.7 contourpy-1.3.0 cycler-0.12.1 deprecated-1.2.14 fonttools-4.54.1 humanize-4.11.0 importlib-resources-6.4.5 kiwisolver-1.4.7 markdown-it-py-3.0.0 matplotlib-3.9.2 mdurl-0.1.2 nibabel-5.3.1 opencv-python-4.10.0.84 packaging-24.1 pandas-2.2.3 pygments-2.18.0 pyparsing-3.2.0 python-dateutil-2.9.0.post0 pytz-2024.2 rich-13.9.2 scipy-1.14.1 seaborn-0.13.2 shellingham-1.5.4 simpleitk-2.4.0 six-1.16.0 torchio-0.20.1 tqdm-4.66.5 typer-0.12.5 tzdata-2024.2 wrapt-1.16.0
Environment is here!
Python version: Python 3.10.13
CUDA is not available
CUDA_AVAILABLE=false
